ERROR - 2023-10-08 23:00:45 --> Error connecting to the database: mysqli_sql_exception: Access denied for user 'root'@'localhost' in /home/junior/Documentos/Dev/Sistema-Slynux/system/Database/MySQLi/Connection.php:185
Stack trace:
#0 /home/junior/Documentos/Dev/Sistema-Slynux/system/Database/MySQLi/Connection.php(185): mysqli->real_connect()
#1 /home/junior/Documentos/Dev/Sistema-Slynux/system/Database/BaseConnection.php(391): CodeIgniter\Database\MySQLi\Connection->connect()
#2 /home/junior/Documentos/Dev/Sistema-Slynux/system/Database/BaseConnection.php(574): CodeIgniter\Database\BaseConnection->initialize()
#3 /home/junior/Documentos/Dev/Sistema-Slynux/system/Database/BaseBuilder.php(1615): CodeIgniter\Database\BaseConnection->query()
#4 /home/junior/Documentos/Dev/Sistema-Slynux/system/Model.php(264): CodeIgniter\Database\BaseBuilder->get()
#5 /home/junior/Documentos/Dev/Sistema-Slynux/system/BaseModel.php(662): CodeIgniter\Model->doFirst()
#6 /home/junior/Documentos/Dev/Sistema-Slynux/app/Controllers/LoginController.php(28): CodeIgniter\BaseModel->first()
#7 /home/junior/Documentos/Dev/Sistema-Slynux/system/CodeIgniter.php(919): App\Controllers\LoginController->store()
#8 /home/junior/Documentos/Dev/Sistema-Slynux/system/CodeIgniter.php(494): CodeIgniter\CodeIgniter->runController()
#9 /home/junior/Documentos/Dev/Sistema-Slynux/system/CodeIgniter.php(353): CodeIgniter\CodeIgniter->handleRequest()
#10 /home/junior/Documentos/Dev/Sistema-Slynux/public/index.php(79): CodeIgniter\CodeIgniter->run()
#11 /home/junior/Documentos/Dev/Sistema-Slynux/system/Commands/Server/rewrite.php(47): require_once('...')
#12 {main}

Next CodeIgniter\Database\Exceptions\DatabaseException: Access denied for user '****'@'localhost' in /home/junior/Documentos/Dev/Sistema-Slynux/system/Database/MySQLi/Connection.php:229
Stack trace:
#0 /home/junior/Documentos/Dev/Sistema-Slynux/system/Database/BaseConnection.php(391): CodeIgniter\Database\MySQLi\Connection->connect()
#1 /home/junior/Documentos/Dev/Sistema-Slynux/system/Database/BaseConnection.php(574): CodeIgniter\Database\BaseConnection->initialize()
#2 /home/junior/Documentos/Dev/Sistema-Slynux/system/Database/BaseBuilder.php(1615): CodeIgniter\Database\BaseConnection->query()
#3 /home/junior/Documentos/Dev/Sistema-Slynux/system/Model.php(264): CodeIgniter\Database\BaseBuilder->get()
#4 /home/junior/Documentos/Dev/Sistema-Slynux/system/BaseModel.php(662): CodeIgniter\Model->doFirst()
#5 /home/junior/Documentos/Dev/Sistema-Slynux/app/Controllers/LoginController.php(28): CodeIgniter\BaseModel->first()
#6 /home/junior/Documentos/Dev/Sistema-Slynux/system/CodeIgniter.php(919): App\Controllers\LoginController->store()
#7 /home/junior/Documentos/Dev/Sistema-Slynux/system/CodeIgniter.php(494): CodeIgniter\CodeIgniter->runController()
#8 /home/junior/Documentos/Dev/Sistema-Slynux/system/CodeIgniter.php(353): CodeIgniter\CodeIgniter->handleRequest()
#9 /home/junior/Documentos/Dev/Sistema-Slynux/public/index.php(79): CodeIgniter\CodeIgniter->run()
#10 /home/junior/Documentos/Dev/Sistema-Slynux/system/Commands/Server/rewrite.php(47): require_once('...')
#11 {main}
CRITICAL - 2023-10-08 23:00:45 --> Unable to connect to the database.
Main connection [MySQLi]: Access denied for user '****'@'localhost'
in SYSTEMPATH/Database/BaseConnection.php on line 427.
 1 SYSTEMPATH/Database/BaseConnection.php(574): CodeIgniter\Database\BaseConnection->initialize()
 2 SYSTEMPATH/Database/BaseBuilder.php(1615): CodeIgniter\Database\BaseConnection->query()
 3 SYSTEMPATH/Model.php(264): CodeIgniter\Database\BaseBuilder->get()
 4 SYSTEMPATH/BaseModel.php(662): CodeIgniter\Model->doFirst()
 5 APPPATH/Controllers/LoginController.php(28): CodeIgniter\BaseModel->first()
 6 SYSTEMPATH/CodeIgniter.php(919): App\Controllers\LoginController->store()
 7 SYSTEMPATH/CodeIgniter.php(494): CodeIgniter\CodeIgniter->runController()
 8 SYSTEMPATH/CodeIgniter.php(353): CodeIgniter\CodeIgniter->handleRequest()
 9 FCPATH/index.php(79): CodeIgniter\CodeIgniter->run()
10 SYSTEMPATH/Commands/Server/rewrite.php(47): require_once('/home/junior/Documentos/Dev/Sistema-Slynux/public/index.php')
ERROR - 2023-10-08 23:00:50 --> Error connecting to the database: mysqli_sql_exception: Access denied for user 'root'@'localhost' in /home/junior/Documentos/Dev/Sistema-Slynux/system/Database/MySQLi/Connection.php:185
Stack trace:
#0 /home/junior/Documentos/Dev/Sistema-Slynux/system/Database/MySQLi/Connection.php(185): mysqli->real_connect()
#1 /home/junior/Documentos/Dev/Sistema-Slynux/system/Database/BaseConnection.php(391): CodeIgniter\Database\MySQLi\Connection->connect()
#2 /home/junior/Documentos/Dev/Sistema-Slynux/system/Database/BaseConnection.php(574): CodeIgniter\Database\BaseConnection->initialize()
#3 /home/junior/Documentos/Dev/Sistema-Slynux/system/Database/BaseBuilder.php(1615): CodeIgniter\Database\BaseConnection->query()
#4 /home/junior/Documentos/Dev/Sistema-Slynux/system/Model.php(264): CodeIgniter\Database\BaseBuilder->get()
#5 /home/junior/Documentos/Dev/Sistema-Slynux/system/BaseModel.php(662): CodeIgniter\Model->doFirst()
#6 /home/junior/Documentos/Dev/Sistema-Slynux/app/Controllers/LoginController.php(28): CodeIgniter\BaseModel->first()
#7 /home/junior/Documentos/Dev/Sistema-Slynux/system/CodeIgniter.php(919): App\Controllers\LoginController->store()
#8 /home/junior/Documentos/Dev/Sistema-Slynux/system/CodeIgniter.php(494): CodeIgniter\CodeIgniter->runController()
#9 /home/junior/Documentos/Dev/Sistema-Slynux/system/CodeIgniter.php(353): CodeIgniter\CodeIgniter->handleRequest()
#10 /home/junior/Documentos/Dev/Sistema-Slynux/public/index.php(79): CodeIgniter\CodeIgniter->run()
#11 /home/junior/Documentos/Dev/Sistema-Slynux/system/Commands/Server/rewrite.php(47): require_once('...')
#12 {main}

Next CodeIgniter\Database\Exceptions\DatabaseException: Access denied for user '****'@'localhost' in /home/junior/Documentos/Dev/Sistema-Slynux/system/Database/MySQLi/Connection.php:229
Stack trace:
#0 /home/junior/Documentos/Dev/Sistema-Slynux/system/Database/BaseConnection.php(391): CodeIgniter\Database\MySQLi\Connection->connect()
#1 /home/junior/Documentos/Dev/Sistema-Slynux/system/Database/BaseConnection.php(574): CodeIgniter\Database\BaseConnection->initialize()
#2 /home/junior/Documentos/Dev/Sistema-Slynux/system/Database/BaseBuilder.php(1615): CodeIgniter\Database\BaseConnection->query()
#3 /home/junior/Documentos/Dev/Sistema-Slynux/system/Model.php(264): CodeIgniter\Database\BaseBuilder->get()
#4 /home/junior/Documentos/Dev/Sistema-Slynux/system/BaseModel.php(662): CodeIgniter\Model->doFirst()
#5 /home/junior/Documentos/Dev/Sistema-Slynux/app/Controllers/LoginController.php(28): CodeIgniter\BaseModel->first()
#6 /home/junior/Documentos/Dev/Sistema-Slynux/system/CodeIgniter.php(919): App\Controllers\LoginController->store()
#7 /home/junior/Documentos/Dev/Sistema-Slynux/system/CodeIgniter.php(494): CodeIgniter\CodeIgniter->runController()
#8 /home/junior/Documentos/Dev/Sistema-Slynux/system/CodeIgniter.php(353): CodeIgniter\CodeIgniter->handleRequest()
#9 /home/junior/Documentos/Dev/Sistema-Slynux/public/index.php(79): CodeIgniter\CodeIgniter->run()
#10 /home/junior/Documentos/Dev/Sistema-Slynux/system/Commands/Server/rewrite.php(47): require_once('...')
#11 {main}
CRITICAL - 2023-10-08 23:00:50 --> Unable to connect to the database.
Main connection [MySQLi]: Access denied for user '****'@'localhost'
in SYSTEMPATH/Database/BaseConnection.php on line 427.
 1 SYSTEMPATH/Database/BaseConnection.php(574): CodeIgniter\Database\BaseConnection->initialize()
 2 SYSTEMPATH/Database/BaseBuilder.php(1615): CodeIgniter\Database\BaseConnection->query()
 3 SYSTEMPATH/Model.php(264): CodeIgniter\Database\BaseBuilder->get()
 4 SYSTEMPATH/BaseModel.php(662): CodeIgniter\Model->doFirst()
 5 APPPATH/Controllers/LoginController.php(28): CodeIgniter\BaseModel->first()
 6 SYSTEMPATH/CodeIgniter.php(919): App\Controllers\LoginController->store()
 7 SYSTEMPATH/CodeIgniter.php(494): CodeIgniter\CodeIgniter->runController()
 8 SYSTEMPATH/CodeIgniter.php(353): CodeIgniter\CodeIgniter->handleRequest()
 9 FCPATH/index.php(79): CodeIgniter\CodeIgniter->run()
10 SYSTEMPATH/Commands/Server/rewrite.php(47): require_once('/home/junior/Documentos/Dev/Sistema-Slynux/public/index.php')
ERROR - 2023-10-08 23:01:26 --> Error connecting to the database: mysqli_sql_exception: Access denied for user 'root'@'localhost' in /home/junior/Documentos/Dev/Sistema-Slynux/system/Database/MySQLi/Connection.php:185
Stack trace:
#0 /home/junior/Documentos/Dev/Sistema-Slynux/system/Database/MySQLi/Connection.php(185): mysqli->real_connect()
#1 /home/junior/Documentos/Dev/Sistema-Slynux/system/Database/BaseConnection.php(391): CodeIgniter\Database\MySQLi\Connection->connect()
#2 /home/junior/Documentos/Dev/Sistema-Slynux/system/Database/BaseConnection.php(574): CodeIgniter\Database\BaseConnection->initialize()
#3 /home/junior/Documentos/Dev/Sistema-Slynux/system/Database/BaseBuilder.php(1615): CodeIgniter\Database\BaseConnection->query()
#4 /home/junior/Documentos/Dev/Sistema-Slynux/system/Model.php(264): CodeIgniter\Database\BaseBuilder->get()
#5 /home/junior/Documentos/Dev/Sistema-Slynux/system/BaseModel.php(662): CodeIgniter\Model->doFirst()
#6 /home/junior/Documentos/Dev/Sistema-Slynux/app/Controllers/LoginController.php(28): CodeIgniter\BaseModel->first()
#7 /home/junior/Documentos/Dev/Sistema-Slynux/system/CodeIgniter.php(919): App\Controllers\LoginController->store()
#8 /home/junior/Documentos/Dev/Sistema-Slynux/system/CodeIgniter.php(494): CodeIgniter\CodeIgniter->runController()
#9 /home/junior/Documentos/Dev/Sistema-Slynux/system/CodeIgniter.php(353): CodeIgniter\CodeIgniter->handleRequest()
#10 /home/junior/Documentos/Dev/Sistema-Slynux/public/index.php(79): CodeIgniter\CodeIgniter->run()
#11 /home/junior/Documentos/Dev/Sistema-Slynux/system/Commands/Server/rewrite.php(47): require_once('...')
#12 {main}

Next CodeIgniter\Database\Exceptions\DatabaseException: Access denied for user '****'@'localhost' in /home/junior/Documentos/Dev/Sistema-Slynux/system/Database/MySQLi/Connection.php:229
Stack trace:
#0 /home/junior/Documentos/Dev/Sistema-Slynux/system/Database/BaseConnection.php(391): CodeIgniter\Database\MySQLi\Connection->connect()
#1 /home/junior/Documentos/Dev/Sistema-Slynux/system/Database/BaseConnection.php(574): CodeIgniter\Database\BaseConnection->initialize()
#2 /home/junior/Documentos/Dev/Sistema-Slynux/system/Database/BaseBuilder.php(1615): CodeIgniter\Database\BaseConnection->query()
#3 /home/junior/Documentos/Dev/Sistema-Slynux/system/Model.php(264): CodeIgniter\Database\BaseBuilder->get()
#4 /home/junior/Documentos/Dev/Sistema-Slynux/system/BaseModel.php(662): CodeIgniter\Model->doFirst()
#5 /home/junior/Documentos/Dev/Sistema-Slynux/app/Controllers/LoginController.php(28): CodeIgniter\BaseModel->first()
#6 /home/junior/Documentos/Dev/Sistema-Slynux/system/CodeIgniter.php(919): App\Controllers\LoginController->store()
#7 /home/junior/Documentos/Dev/Sistema-Slynux/system/CodeIgniter.php(494): CodeIgniter\CodeIgniter->runController()
#8 /home/junior/Documentos/Dev/Sistema-Slynux/system/CodeIgniter.php(353): CodeIgniter\CodeIgniter->handleRequest()
#9 /home/junior/Documentos/Dev/Sistema-Slynux/public/index.php(79): CodeIgniter\CodeIgniter->run()
#10 /home/junior/Documentos/Dev/Sistema-Slynux/system/Commands/Server/rewrite.php(47): require_once('...')
#11 {main}
CRITICAL - 2023-10-08 23:01:26 --> Unable to connect to the database.
Main connection [MySQLi]: Access denied for user '****'@'localhost'
in SYSTEMPATH/Database/BaseConnection.php on line 427.
 1 SYSTEMPATH/Database/BaseConnection.php(574): CodeIgniter\Database\BaseConnection->initialize()
 2 SYSTEMPATH/Database/BaseBuilder.php(1615): CodeIgniter\Database\BaseConnection->query()
 3 SYSTEMPATH/Model.php(264): CodeIgniter\Database\BaseBuilder->get()
 4 SYSTEMPATH/BaseModel.php(662): CodeIgniter\Model->doFirst()
 5 APPPATH/Controllers/LoginController.php(28): CodeIgniter\BaseModel->first()
 6 SYSTEMPATH/CodeIgniter.php(919): App\Controllers\LoginController->store()
 7 SYSTEMPATH/CodeIgniter.php(494): CodeIgniter\CodeIgniter->runController()
 8 SYSTEMPATH/CodeIgniter.php(353): CodeIgniter\CodeIgniter->handleRequest()
 9 FCPATH/index.php(79): CodeIgniter\CodeIgniter->run()
10 SYSTEMPATH/Commands/Server/rewrite.php(47): require_once('/home/junior/Documentos/Dev/Sistema-Slynux/public/index.php')
ERROR - 2023-10-08 23:04:23 --> Error connecting to the database: mysqli_sql_exception: Access denied for user 'root'@'localhost' in /home/junior/Documentos/Dev/Sistema-Slynux/system/Database/MySQLi/Connection.php:185
Stack trace:
#0 /home/junior/Documentos/Dev/Sistema-Slynux/system/Database/MySQLi/Connection.php(185): mysqli->real_connect()
#1 /home/junior/Documentos/Dev/Sistema-Slynux/system/Database/BaseConnection.php(391): CodeIgniter\Database\MySQLi\Connection->connect()
#2 /home/junior/Documentos/Dev/Sistema-Slynux/system/Database/BaseConnection.php(574): CodeIgniter\Database\BaseConnection->initialize()
#3 /home/junior/Documentos/Dev/Sistema-Slynux/system/Database/BaseBuilder.php(1615): CodeIgniter\Database\BaseConnection->query()
#4 /home/junior/Documentos/Dev/Sistema-Slynux/system/Model.php(264): CodeIgniter\Database\BaseBuilder->get()
#5 /home/junior/Documentos/Dev/Sistema-Slynux/system/BaseModel.php(662): CodeIgniter\Model->doFirst()
#6 /home/junior/Documentos/Dev/Sistema-Slynux/app/Controllers/LoginController.php(25): CodeIgniter\BaseModel->first()
#7 /home/junior/Documentos/Dev/Sistema-Slynux/system/CodeIgniter.php(919): App\Controllers\LoginController->store()
#8 /home/junior/Documentos/Dev/Sistema-Slynux/system/CodeIgniter.php(494): CodeIgniter\CodeIgniter->runController()
#9 /home/junior/Documentos/Dev/Sistema-Slynux/system/CodeIgniter.php(353): CodeIgniter\CodeIgniter->handleRequest()
#10 /home/junior/Documentos/Dev/Sistema-Slynux/public/index.php(79): CodeIgniter\CodeIgniter->run()
#11 /home/junior/Documentos/Dev/Sistema-Slynux/system/Commands/Server/rewrite.php(47): require_once('...')
#12 {main}

Next CodeIgniter\Database\Exceptions\DatabaseException: Access denied for user '****'@'localhost' in /home/junior/Documentos/Dev/Sistema-Slynux/system/Database/MySQLi/Connection.php:229
Stack trace:
#0 /home/junior/Documentos/Dev/Sistema-Slynux/system/Database/BaseConnection.php(391): CodeIgniter\Database\MySQLi\Connection->connect()
#1 /home/junior/Documentos/Dev/Sistema-Slynux/system/Database/BaseConnection.php(574): CodeIgniter\Database\BaseConnection->initialize()
#2 /home/junior/Documentos/Dev/Sistema-Slynux/system/Database/BaseBuilder.php(1615): CodeIgniter\Database\BaseConnection->query()
#3 /home/junior/Documentos/Dev/Sistema-Slynux/system/Model.php(264): CodeIgniter\Database\BaseBuilder->get()
#4 /home/junior/Documentos/Dev/Sistema-Slynux/system/BaseModel.php(662): CodeIgniter\Model->doFirst()
#5 /home/junior/Documentos/Dev/Sistema-Slynux/app/Controllers/LoginController.php(25): CodeIgniter\BaseModel->first()
#6 /home/junior/Documentos/Dev/Sistema-Slynux/system/CodeIgniter.php(919): App\Controllers\LoginController->store()
#7 /home/junior/Documentos/Dev/Sistema-Slynux/system/CodeIgniter.php(494): CodeIgniter\CodeIgniter->runController()
#8 /home/junior/Documentos/Dev/Sistema-Slynux/system/CodeIgniter.php(353): CodeIgniter\CodeIgniter->handleRequest()
#9 /home/junior/Documentos/Dev/Sistema-Slynux/public/index.php(79): CodeIgniter\CodeIgniter->run()
#10 /home/junior/Documentos/Dev/Sistema-Slynux/system/Commands/Server/rewrite.php(47): require_once('...')
#11 {main}
CRITICAL - 2023-10-08 23:04:23 --> Unable to connect to the database.
Main connection [MySQLi]: Access denied for user '****'@'localhost'
in SYSTEMPATH/Database/BaseConnection.php on line 427.
 1 SYSTEMPATH/Database/BaseConnection.php(574): CodeIgniter\Database\BaseConnection->initialize()
 2 SYSTEMPATH/Database/BaseBuilder.php(1615): CodeIgniter\Database\BaseConnection->query()
 3 SYSTEMPATH/Model.php(264): CodeIgniter\Database\BaseBuilder->get()
 4 SYSTEMPATH/BaseModel.php(662): CodeIgniter\Model->doFirst()
 5 APPPATH/Controllers/LoginController.php(25): CodeIgniter\BaseModel->first()
 6 SYSTEMPATH/CodeIgniter.php(919): App\Controllers\LoginController->store()
 7 SYSTEMPATH/CodeIgniter.php(494): CodeIgniter\CodeIgniter->runController()
 8 SYSTEMPATH/CodeIgniter.php(353): CodeIgniter\CodeIgniter->handleRequest()
 9 FCPATH/index.php(79): CodeIgniter\CodeIgniter->run()
10 SYSTEMPATH/Commands/Server/rewrite.php(47): require_once('/home/junior/Documentos/Dev/Sistema-Slynux/public/index.php')
ERROR - 2023-10-08 23:08:07 --> Error connecting to the database: mysqli_sql_exception: Access denied for user 'root'@'localhost' in /home/junior/Documentos/Dev/Sistema-Slynux/system/Database/MySQLi/Connection.php:185
Stack trace:
#0 /home/junior/Documentos/Dev/Sistema-Slynux/system/Database/MySQLi/Connection.php(185): mysqli->real_connect()
#1 /home/junior/Documentos/Dev/Sistema-Slynux/system/Database/BaseConnection.php(391): CodeIgniter\Database\MySQLi\Connection->connect()
#2 /home/junior/Documentos/Dev/Sistema-Slynux/system/Database/BaseConnection.php(574): CodeIgniter\Database\BaseConnection->initialize()
#3 /home/junior/Documentos/Dev/Sistema-Slynux/system/Database/BaseBuilder.php(1615): CodeIgniter\Database\BaseConnection->query()
#4 /home/junior/Documentos/Dev/Sistema-Slynux/system/Model.php(264): CodeIgniter\Database\BaseBuilder->get()
#5 /home/junior/Documentos/Dev/Sistema-Slynux/system/BaseModel.php(662): CodeIgniter\Model->doFirst()
#6 /home/junior/Documentos/Dev/Sistema-Slynux/app/Models/LoginModel.php(18): CodeIgniter\BaseModel->first()
#7 /home/junior/Documentos/Dev/Sistema-Slynux/app/Controllers/LoginController.php(24): App\Models\LoginModel->checkUser()
#8 /home/junior/Documentos/Dev/Sistema-Slynux/system/CodeIgniter.php(919): App\Controllers\LoginController->store()
#9 /home/junior/Documentos/Dev/Sistema-Slynux/system/CodeIgniter.php(494): CodeIgniter\CodeIgniter->runController()
#10 /home/junior/Documentos/Dev/Sistema-Slynux/system/CodeIgniter.php(353): CodeIgniter\CodeIgniter->handleRequest()
#11 /home/junior/Documentos/Dev/Sistema-Slynux/public/index.php(79): CodeIgniter\CodeIgniter->run()
#12 /home/junior/Documentos/Dev/Sistema-Slynux/system/Commands/Server/rewrite.php(47): require_once('...')
#13 {main}

Next CodeIgniter\Database\Exceptions\DatabaseException: Access denied for user '****'@'localhost' in /home/junior/Documentos/Dev/Sistema-Slynux/system/Database/MySQLi/Connection.php:229
Stack trace:
#0 /home/junior/Documentos/Dev/Sistema-Slynux/system/Database/BaseConnection.php(391): CodeIgniter\Database\MySQLi\Connection->connect()
#1 /home/junior/Documentos/Dev/Sistema-Slynux/system/Database/BaseConnection.php(574): CodeIgniter\Database\BaseConnection->initialize()
#2 /home/junior/Documentos/Dev/Sistema-Slynux/system/Database/BaseBuilder.php(1615): CodeIgniter\Database\BaseConnection->query()
#3 /home/junior/Documentos/Dev/Sistema-Slynux/system/Model.php(264): CodeIgniter\Database\BaseBuilder->get()
#4 /home/junior/Documentos/Dev/Sistema-Slynux/system/BaseModel.php(662): CodeIgniter\Model->doFirst()
#5 /home/junior/Documentos/Dev/Sistema-Slynux/app/Models/LoginModel.php(18): CodeIgniter\BaseModel->first()
#6 /home/junior/Documentos/Dev/Sistema-Slynux/app/Controllers/LoginController.php(24): App\Models\LoginModel->checkUser()
#7 /home/junior/Documentos/Dev/Sistema-Slynux/system/CodeIgniter.php(919): App\Controllers\LoginController->store()
#8 /home/junior/Documentos/Dev/Sistema-Slynux/system/CodeIgniter.php(494): CodeIgniter\CodeIgniter->runController()
#9 /home/junior/Documentos/Dev/Sistema-Slynux/system/CodeIgniter.php(353): CodeIgniter\CodeIgniter->handleRequest()
#10 /home/junior/Documentos/Dev/Sistema-Slynux/public/index.php(79): CodeIgniter\CodeIgniter->run()
#11 /home/junior/Documentos/Dev/Sistema-Slynux/system/Commands/Server/rewrite.php(47): require_once('...')
#12 {main}
CRITICAL - 2023-10-08 23:08:07 --> Unable to connect to the database.
Main connection [MySQLi]: Access denied for user '****'@'localhost'
in SYSTEMPATH/Database/BaseConnection.php on line 427.
 1 SYSTEMPATH/Database/BaseConnection.php(574): CodeIgniter\Database\BaseConnection->initialize()
 2 SYSTEMPATH/Database/BaseBuilder.php(1615): CodeIgniter\Database\BaseConnection->query()
 3 SYSTEMPATH/Model.php(264): CodeIgniter\Database\BaseBuilder->get()
 4 SYSTEMPATH/BaseModel.php(662): CodeIgniter\Model->doFirst()
 5 APPPATH/Models/LoginModel.php(18): CodeIgniter\BaseModel->first()
 6 APPPATH/Controllers/LoginController.php(24): App\Models\LoginModel->checkUser()
 7 SYSTEMPATH/CodeIgniter.php(919): App\Controllers\LoginController->store()
 8 SYSTEMPATH/CodeIgniter.php(494): CodeIgniter\CodeIgniter->runController()
 9 SYSTEMPATH/CodeIgniter.php(353): CodeIgniter\CodeIgniter->handleRequest()
10 FCPATH/index.php(79): CodeIgniter\CodeIgniter->run()
11 SYSTEMPATH/Commands/Server/rewrite.php(47): require_once('/home/junior/Documentos/Dev/Sistema-Slynux/public/index.php')
ERROR - 2023-10-08 23:08:17 --> Error connecting to the database: mysqli_sql_exception: Access denied for user 'root'@'localhost' in /home/junior/Documentos/Dev/Sistema-Slynux/system/Database/MySQLi/Connection.php:185
Stack trace:
#0 /home/junior/Documentos/Dev/Sistema-Slynux/system/Database/MySQLi/Connection.php(185): mysqli->real_connect()
#1 /home/junior/Documentos/Dev/Sistema-Slynux/system/Database/BaseConnection.php(391): CodeIgniter\Database\MySQLi\Connection->connect()
#2 /home/junior/Documentos/Dev/Sistema-Slynux/system/Database/BaseConnection.php(574): CodeIgniter\Database\BaseConnection->initialize()
#3 /home/junior/Documentos/Dev/Sistema-Slynux/system/Database/BaseBuilder.php(1615): CodeIgniter\Database\BaseConnection->query()
#4 /home/junior/Documentos/Dev/Sistema-Slynux/system/Model.php(264): CodeIgniter\Database\BaseBuilder->get()
#5 /home/junior/Documentos/Dev/Sistema-Slynux/system/BaseModel.php(662): CodeIgniter\Model->doFirst()
#6 /home/junior/Documentos/Dev/Sistema-Slynux/app/Models/LoginModel.php(18): CodeIgniter\BaseModel->first()
#7 /home/junior/Documentos/Dev/Sistema-Slynux/app/Controllers/LoginController.php(24): App\Models\LoginModel->checkUser()
#8 /home/junior/Documentos/Dev/Sistema-Slynux/system/CodeIgniter.php(919): App\Controllers\LoginController->store()
#9 /home/junior/Documentos/Dev/Sistema-Slynux/system/CodeIgniter.php(494): CodeIgniter\CodeIgniter->runController()
#10 /home/junior/Documentos/Dev/Sistema-Slynux/system/CodeIgniter.php(353): CodeIgniter\CodeIgniter->handleRequest()
#11 /home/junior/Documentos/Dev/Sistema-Slynux/public/index.php(79): CodeIgniter\CodeIgniter->run()
#12 /home/junior/Documentos/Dev/Sistema-Slynux/system/Commands/Server/rewrite.php(47): require_once('...')
#13 {main}

Next CodeIgniter\Database\Exceptions\DatabaseException: Access denied for user '****'@'localhost' in /home/junior/Documentos/Dev/Sistema-Slynux/system/Database/MySQLi/Connection.php:229
Stack trace:
#0 /home/junior/Documentos/Dev/Sistema-Slynux/system/Database/BaseConnection.php(391): CodeIgniter\Database\MySQLi\Connection->connect()
#1 /home/junior/Documentos/Dev/Sistema-Slynux/system/Database/BaseConnection.php(574): CodeIgniter\Database\BaseConnection->initialize()
#2 /home/junior/Documentos/Dev/Sistema-Slynux/system/Database/BaseBuilder.php(1615): CodeIgniter\Database\BaseConnection->query()
#3 /home/junior/Documentos/Dev/Sistema-Slynux/system/Model.php(264): CodeIgniter\Database\BaseBuilder->get()
#4 /home/junior/Documentos/Dev/Sistema-Slynux/system/BaseModel.php(662): CodeIgniter\Model->doFirst()
#5 /home/junior/Documentos/Dev/Sistema-Slynux/app/Models/LoginModel.php(18): CodeIgniter\BaseModel->first()
#6 /home/junior/Documentos/Dev/Sistema-Slynux/app/Controllers/LoginController.php(24): App\Models\LoginModel->checkUser()
#7 /home/junior/Documentos/Dev/Sistema-Slynux/system/CodeIgniter.php(919): App\Controllers\LoginController->store()
#8 /home/junior/Documentos/Dev/Sistema-Slynux/system/CodeIgniter.php(494): CodeIgniter\CodeIgniter->runController()
#9 /home/junior/Documentos/Dev/Sistema-Slynux/system/CodeIgniter.php(353): CodeIgniter\CodeIgniter->handleRequest()
#10 /home/junior/Documentos/Dev/Sistema-Slynux/public/index.php(79): CodeIgniter\CodeIgniter->run()
#11 /home/junior/Documentos/Dev/Sistema-Slynux/system/Commands/Server/rewrite.php(47): require_once('...')
#12 {main}
CRITICAL - 2023-10-08 23:08:17 --> Unable to connect to the database.
Main connection [MySQLi]: Access denied for user '****'@'localhost'
in SYSTEMPATH/Database/BaseConnection.php on line 427.
 1 SYSTEMPATH/Database/BaseConnection.php(574): CodeIgniter\Database\BaseConnection->initialize()
 2 SYSTEMPATH/Database/BaseBuilder.php(1615): CodeIgniter\Database\BaseConnection->query()
 3 SYSTEMPATH/Model.php(264): CodeIgniter\Database\BaseBuilder->get()
 4 SYSTEMPATH/BaseModel.php(662): CodeIgniter\Model->doFirst()
 5 APPPATH/Models/LoginModel.php(18): CodeIgniter\BaseModel->first()
 6 APPPATH/Controllers/LoginController.php(24): App\Models\LoginModel->checkUser()
 7 SYSTEMPATH/CodeIgniter.php(919): App\Controllers\LoginController->store()
 8 SYSTEMPATH/CodeIgniter.php(494): CodeIgniter\CodeIgniter->runController()
 9 SYSTEMPATH/CodeIgniter.php(353): CodeIgniter\CodeIgniter->handleRequest()
10 FCPATH/index.php(79): CodeIgniter\CodeIgniter->run()
11 SYSTEMPATH/Commands/Server/rewrite.php(47): require_once('/home/junior/Documentos/Dev/Sistema-Slynux/public/index.php')
ERROR - 2023-10-08 23:11:41 --> Error connecting to the database: mysqli_sql_exception: Access denied for user 'root'@'localhost' in /home/junior/Documentos/Dev/Sistema-Slynux/system/Database/MySQLi/Connection.php:185
Stack trace:
#0 /home/junior/Documentos/Dev/Sistema-Slynux/system/Database/MySQLi/Connection.php(185): mysqli->real_connect()
#1 /home/junior/Documentos/Dev/Sistema-Slynux/system/Database/BaseConnection.php(391): CodeIgniter\Database\MySQLi\Connection->connect()
#2 /home/junior/Documentos/Dev/Sistema-Slynux/system/Database/BaseConnection.php(574): CodeIgniter\Database\BaseConnection->initialize()
#3 /home/junior/Documentos/Dev/Sistema-Slynux/system/Database/BaseBuilder.php(1615): CodeIgniter\Database\BaseConnection->query()
#4 /home/junior/Documentos/Dev/Sistema-Slynux/system/Model.php(264): CodeIgniter\Database\BaseBuilder->get()
#5 /home/junior/Documentos/Dev/Sistema-Slynux/system/BaseModel.php(662): CodeIgniter\Model->doFirst()
#6 /home/junior/Documentos/Dev/Sistema-Slynux/app/Models/LoginModel.php(18): CodeIgniter\BaseModel->first()
#7 /home/junior/Documentos/Dev/Sistema-Slynux/app/Controllers/LoginController.php(24): App\Models\LoginModel->login()
#8 /home/junior/Documentos/Dev/Sistema-Slynux/system/CodeIgniter.php(919): App\Controllers\LoginController->store()
#9 /home/junior/Documentos/Dev/Sistema-Slynux/system/CodeIgniter.php(494): CodeIgniter\CodeIgniter->runController()
#10 /home/junior/Documentos/Dev/Sistema-Slynux/system/CodeIgniter.php(353): CodeIgniter\CodeIgniter->handleRequest()
#11 /home/junior/Documentos/Dev/Sistema-Slynux/public/index.php(79): CodeIgniter\CodeIgniter->run()
#12 /home/junior/Documentos/Dev/Sistema-Slynux/system/Commands/Server/rewrite.php(47): require_once('...')
#13 {main}

Next CodeIgniter\Database\Exceptions\DatabaseException: Access denied for user '****'@'localhost' in /home/junior/Documentos/Dev/Sistema-Slynux/system/Database/MySQLi/Connection.php:229
Stack trace:
#0 /home/junior/Documentos/Dev/Sistema-Slynux/system/Database/BaseConnection.php(391): CodeIgniter\Database\MySQLi\Connection->connect()
#1 /home/junior/Documentos/Dev/Sistema-Slynux/system/Database/BaseConnection.php(574): CodeIgniter\Database\BaseConnection->initialize()
#2 /home/junior/Documentos/Dev/Sistema-Slynux/system/Database/BaseBuilder.php(1615): CodeIgniter\Database\BaseConnection->query()
#3 /home/junior/Documentos/Dev/Sistema-Slynux/system/Model.php(264): CodeIgniter\Database\BaseBuilder->get()
#4 /home/junior/Documentos/Dev/Sistema-Slynux/system/BaseModel.php(662): CodeIgniter\Model->doFirst()
#5 /home/junior/Documentos/Dev/Sistema-Slynux/app/Models/LoginModel.php(18): CodeIgniter\BaseModel->first()
#6 /home/junior/Documentos/Dev/Sistema-Slynux/app/Controllers/LoginController.php(24): App\Models\LoginModel->login()
#7 /home/junior/Documentos/Dev/Sistema-Slynux/system/CodeIgniter.php(919): App\Controllers\LoginController->store()
#8 /home/junior/Documentos/Dev/Sistema-Slynux/system/CodeIgniter.php(494): CodeIgniter\CodeIgniter->runController()
#9 /home/junior/Documentos/Dev/Sistema-Slynux/system/CodeIgniter.php(353): CodeIgniter\CodeIgniter->handleRequest()
#10 /home/junior/Documentos/Dev/Sistema-Slynux/public/index.php(79): CodeIgniter\CodeIgniter->run()
#11 /home/junior/Documentos/Dev/Sistema-Slynux/system/Commands/Server/rewrite.php(47): require_once('...')
#12 {main}
CRITICAL - 2023-10-08 23:11:41 --> Unable to connect to the database.
Main connection [MySQLi]: Access denied for user '****'@'localhost'
in SYSTEMPATH/Database/BaseConnection.php on line 427.
 1 SYSTEMPATH/Database/BaseConnection.php(574): CodeIgniter\Database\BaseConnection->initialize()
 2 SYSTEMPATH/Database/BaseBuilder.php(1615): CodeIgniter\Database\BaseConnection->query()
 3 SYSTEMPATH/Model.php(264): CodeIgniter\Database\BaseBuilder->get()
 4 SYSTEMPATH/BaseModel.php(662): CodeIgniter\Model->doFirst()
 5 APPPATH/Models/LoginModel.php(18): CodeIgniter\BaseModel->first()
 6 APPPATH/Controllers/LoginController.php(24): App\Models\LoginModel->login()
 7 SYSTEMPATH/CodeIgniter.php(919): App\Controllers\LoginController->store()
 8 SYSTEMPATH/CodeIgniter.php(494): CodeIgniter\CodeIgniter->runController()
 9 SYSTEMPATH/CodeIgniter.php(353): CodeIgniter\CodeIgniter->handleRequest()
10 FCPATH/index.php(79): CodeIgniter\CodeIgniter->run()
11 SYSTEMPATH/Commands/Server/rewrite.php(47): require_once('/home/junior/Documentos/Dev/Sistema-Slynux/public/index.php')
ERROR - 2023-10-08 23:12:39 --> Error connecting to the database: mysqli_sql_exception: Access denied for user 'root'@'localhost' in /home/junior/Documentos/Dev/Sistema-Slynux/system/Database/MySQLi/Connection.php:185
Stack trace:
#0 /home/junior/Documentos/Dev/Sistema-Slynux/system/Database/MySQLi/Connection.php(185): mysqli->real_connect()
#1 /home/junior/Documentos/Dev/Sistema-Slynux/system/Database/BaseConnection.php(391): CodeIgniter\Database\MySQLi\Connection->connect()
#2 /home/junior/Documentos/Dev/Sistema-Slynux/system/Database/BaseConnection.php(574): CodeIgniter\Database\BaseConnection->initialize()
#3 /home/junior/Documentos/Dev/Sistema-Slynux/system/Database/BaseBuilder.php(1615): CodeIgniter\Database\BaseConnection->query()
#4 /home/junior/Documentos/Dev/Sistema-Slynux/system/Model.php(264): CodeIgniter\Database\BaseBuilder->get()
#5 /home/junior/Documentos/Dev/Sistema-Slynux/system/BaseModel.php(662): CodeIgniter\Model->doFirst()
#6 /home/junior/Documentos/Dev/Sistema-Slynux/app/Models/LoginModel.php(18): CodeIgniter\BaseModel->first()
#7 /home/junior/Documentos/Dev/Sistema-Slynux/app/Controllers/LoginController.php(24): App\Models\LoginModel->login()
#8 /home/junior/Documentos/Dev/Sistema-Slynux/system/CodeIgniter.php(919): App\Controllers\LoginController->store()
#9 /home/junior/Documentos/Dev/Sistema-Slynux/system/CodeIgniter.php(494): CodeIgniter\CodeIgniter->runController()
#10 /home/junior/Documentos/Dev/Sistema-Slynux/system/CodeIgniter.php(353): CodeIgniter\CodeIgniter->handleRequest()
#11 /home/junior/Documentos/Dev/Sistema-Slynux/public/index.php(79): CodeIgniter\CodeIgniter->run()
#12 /home/junior/Documentos/Dev/Sistema-Slynux/system/Commands/Server/rewrite.php(47): require_once('...')
#13 {main}

Next CodeIgniter\Database\Exceptions\DatabaseException: Access denied for user '****'@'localhost' in /home/junior/Documentos/Dev/Sistema-Slynux/system/Database/MySQLi/Connection.php:229
Stack trace:
#0 /home/junior/Documentos/Dev/Sistema-Slynux/system/Database/BaseConnection.php(391): CodeIgniter\Database\MySQLi\Connection->connect()
#1 /home/junior/Documentos/Dev/Sistema-Slynux/system/Database/BaseConnection.php(574): CodeIgniter\Database\BaseConnection->initialize()
#2 /home/junior/Documentos/Dev/Sistema-Slynux/system/Database/BaseBuilder.php(1615): CodeIgniter\Database\BaseConnection->query()
#3 /home/junior/Documentos/Dev/Sistema-Slynux/system/Model.php(264): CodeIgniter\Database\BaseBuilder->get()
#4 /home/junior/Documentos/Dev/Sistema-Slynux/system/BaseModel.php(662): CodeIgniter\Model->doFirst()
#5 /home/junior/Documentos/Dev/Sistema-Slynux/app/Models/LoginModel.php(18): CodeIgniter\BaseModel->first()
#6 /home/junior/Documentos/Dev/Sistema-Slynux/app/Controllers/LoginController.php(24): App\Models\LoginModel->login()
#7 /home/junior/Documentos/Dev/Sistema-Slynux/system/CodeIgniter.php(919): App\Controllers\LoginController->store()
#8 /home/junior/Documentos/Dev/Sistema-Slynux/system/CodeIgniter.php(494): CodeIgniter\CodeIgniter->runController()
#9 /home/junior/Documentos/Dev/Sistema-Slynux/system/CodeIgniter.php(353): CodeIgniter\CodeIgniter->handleRequest()
#10 /home/junior/Documentos/Dev/Sistema-Slynux/public/index.php(79): CodeIgniter\CodeIgniter->run()
#11 /home/junior/Documentos/Dev/Sistema-Slynux/system/Commands/Server/rewrite.php(47): require_once('...')
#12 {main}
CRITICAL - 2023-10-08 23:12:39 --> Unable to connect to the database.
Main connection [MySQLi]: Access denied for user '****'@'localhost'
in SYSTEMPATH/Database/BaseConnection.php on line 427.
 1 SYSTEMPATH/Database/BaseConnection.php(574): CodeIgniter\Database\BaseConnection->initialize()
 2 SYSTEMPATH/Database/BaseBuilder.php(1615): CodeIgniter\Database\BaseConnection->query()
 3 SYSTEMPATH/Model.php(264): CodeIgniter\Database\BaseBuilder->get()
 4 SYSTEMPATH/BaseModel.php(662): CodeIgniter\Model->doFirst()
 5 APPPATH/Models/LoginModel.php(18): CodeIgniter\BaseModel->first()
 6 APPPATH/Controllers/LoginController.php(24): App\Models\LoginModel->login()
 7 SYSTEMPATH/CodeIgniter.php(919): App\Controllers\LoginController->store()
 8 SYSTEMPATH/CodeIgniter.php(494): CodeIgniter\CodeIgniter->runController()
 9 SYSTEMPATH/CodeIgniter.php(353): CodeIgniter\CodeIgniter->handleRequest()
10 FCPATH/index.php(79): CodeIgniter\CodeIgniter->run()
11 SYSTEMPATH/Commands/Server/rewrite.php(47): require_once('/home/junior/Documentos/Dev/Sistema-Slynux/public/index.php')
ERROR - 2023-10-08 23:13:18 --> Error connecting to the database: mysqli_sql_exception: Access denied for user 'root'@'localhost' in /home/junior/Documentos/Dev/Sistema-Slynux/system/Database/MySQLi/Connection.php:185
Stack trace:
#0 /home/junior/Documentos/Dev/Sistema-Slynux/system/Database/MySQLi/Connection.php(185): mysqli->real_connect()
#1 /home/junior/Documentos/Dev/Sistema-Slynux/system/Database/BaseConnection.php(391): CodeIgniter\Database\MySQLi\Connection->connect()
#2 /home/junior/Documentos/Dev/Sistema-Slynux/system/Database/BaseConnection.php(574): CodeIgniter\Database\BaseConnection->initialize()
#3 /home/junior/Documentos/Dev/Sistema-Slynux/system/Database/BaseBuilder.php(1615): CodeIgniter\Database\BaseConnection->query()
#4 /home/junior/Documentos/Dev/Sistema-Slynux/system/Model.php(264): CodeIgniter\Database\BaseBuilder->get()
#5 /home/junior/Documentos/Dev/Sistema-Slynux/system/BaseModel.php(662): CodeIgniter\Model->doFirst()
#6 /home/junior/Documentos/Dev/Sistema-Slynux/app/Models/LoginModel.php(18): CodeIgniter\BaseModel->first()
#7 /home/junior/Documentos/Dev/Sistema-Slynux/app/Controllers/LoginController.php(24): App\Models\LoginModel->login()
#8 /home/junior/Documentos/Dev/Sistema-Slynux/system/CodeIgniter.php(919): App\Controllers\LoginController->store()
#9 /home/junior/Documentos/Dev/Sistema-Slynux/system/CodeIgniter.php(494): CodeIgniter\CodeIgniter->runController()
#10 /home/junior/Documentos/Dev/Sistema-Slynux/system/CodeIgniter.php(353): CodeIgniter\CodeIgniter->handleRequest()
#11 /home/junior/Documentos/Dev/Sistema-Slynux/public/index.php(79): CodeIgniter\CodeIgniter->run()
#12 /home/junior/Documentos/Dev/Sistema-Slynux/system/Commands/Server/rewrite.php(47): require_once('...')
#13 {main}

Next CodeIgniter\Database\Exceptions\DatabaseException: Access denied for user '****'@'localhost' in /home/junior/Documentos/Dev/Sistema-Slynux/system/Database/MySQLi/Connection.php:229
Stack trace:
#0 /home/junior/Documentos/Dev/Sistema-Slynux/system/Database/BaseConnection.php(391): CodeIgniter\Database\MySQLi\Connection->connect()
#1 /home/junior/Documentos/Dev/Sistema-Slynux/system/Database/BaseConnection.php(574): CodeIgniter\Database\BaseConnection->initialize()
#2 /home/junior/Documentos/Dev/Sistema-Slynux/system/Database/BaseBuilder.php(1615): CodeIgniter\Database\BaseConnection->query()
#3 /home/junior/Documentos/Dev/Sistema-Slynux/system/Model.php(264): CodeIgniter\Database\BaseBuilder->get()
#4 /home/junior/Documentos/Dev/Sistema-Slynux/system/BaseModel.php(662): CodeIgniter\Model->doFirst()
#5 /home/junior/Documentos/Dev/Sistema-Slynux/app/Models/LoginModel.php(18): CodeIgniter\BaseModel->first()
#6 /home/junior/Documentos/Dev/Sistema-Slynux/app/Controllers/LoginController.php(24): App\Models\LoginModel->login()
#7 /home/junior/Documentos/Dev/Sistema-Slynux/system/CodeIgniter.php(919): App\Controllers\LoginController->store()
#8 /home/junior/Documentos/Dev/Sistema-Slynux/system/CodeIgniter.php(494): CodeIgniter\CodeIgniter->runController()
#9 /home/junior/Documentos/Dev/Sistema-Slynux/system/CodeIgniter.php(353): CodeIgniter\CodeIgniter->handleRequest()
#10 /home/junior/Documentos/Dev/Sistema-Slynux/public/index.php(79): CodeIgniter\CodeIgniter->run()
#11 /home/junior/Documentos/Dev/Sistema-Slynux/system/Commands/Server/rewrite.php(47): require_once('...')
#12 {main}
CRITICAL - 2023-10-08 23:13:18 --> Unable to connect to the database.
Main connection [MySQLi]: Access denied for user '****'@'localhost'
in SYSTEMPATH/Database/BaseConnection.php on line 427.
 1 SYSTEMPATH/Database/BaseConnection.php(574): CodeIgniter\Database\BaseConnection->initialize()
 2 SYSTEMPATH/Database/BaseBuilder.php(1615): CodeIgniter\Database\BaseConnection->query()
 3 SYSTEMPATH/Model.php(264): CodeIgniter\Database\BaseBuilder->get()
 4 SYSTEMPATH/BaseModel.php(662): CodeIgniter\Model->doFirst()
 5 APPPATH/Models/LoginModel.php(18): CodeIgniter\BaseModel->first()
 6 APPPATH/Controllers/LoginController.php(24): App\Models\LoginModel->login()
 7 SYSTEMPATH/CodeIgniter.php(919): App\Controllers\LoginController->store()
 8 SYSTEMPATH/CodeIgniter.php(494): CodeIgniter\CodeIgniter->runController()
 9 SYSTEMPATH/CodeIgniter.php(353): CodeIgniter\CodeIgniter->handleRequest()
10 FCPATH/index.php(79): CodeIgniter\CodeIgniter->run()
11 SYSTEMPATH/Commands/Server/rewrite.php(47): require_once('/home/junior/Documentos/Dev/Sistema-Slynux/public/index.php')
ERROR - 2023-10-08 23:13:34 --> Error connecting to the database: mysqli_sql_exception: Access denied for user 'root'@'localhost' in /home/junior/Documentos/Dev/Sistema-Slynux/system/Database/MySQLi/Connection.php:185
Stack trace:
#0 /home/junior/Documentos/Dev/Sistema-Slynux/system/Database/MySQLi/Connection.php(185): mysqli->real_connect()
#1 /home/junior/Documentos/Dev/Sistema-Slynux/system/Database/BaseConnection.php(391): CodeIgniter\Database\MySQLi\Connection->connect()
#2 /home/junior/Documentos/Dev/Sistema-Slynux/system/Database/BaseConnection.php(574): CodeIgniter\Database\BaseConnection->initialize()
#3 /home/junior/Documentos/Dev/Sistema-Slynux/system/Database/BaseBuilder.php(1615): CodeIgniter\Database\BaseConnection->query()
#4 /home/junior/Documentos/Dev/Sistema-Slynux/system/Model.php(264): CodeIgniter\Database\BaseBuilder->get()
#5 /home/junior/Documentos/Dev/Sistema-Slynux/system/BaseModel.php(662): CodeIgniter\Model->doFirst()
#6 /home/junior/Documentos/Dev/Sistema-Slynux/app/Models/LoginModel.php(18): CodeIgniter\BaseModel->first()
#7 /home/junior/Documentos/Dev/Sistema-Slynux/app/Controllers/LoginController.php(24): App\Models\LoginModel->login()
#8 /home/junior/Documentos/Dev/Sistema-Slynux/system/CodeIgniter.php(919): App\Controllers\LoginController->store()
#9 /home/junior/Documentos/Dev/Sistema-Slynux/system/CodeIgniter.php(494): CodeIgniter\CodeIgniter->runController()
#10 /home/junior/Documentos/Dev/Sistema-Slynux/system/CodeIgniter.php(353): CodeIgniter\CodeIgniter->handleRequest()
#11 /home/junior/Documentos/Dev/Sistema-Slynux/public/index.php(79): CodeIgniter\CodeIgniter->run()
#12 /home/junior/Documentos/Dev/Sistema-Slynux/system/Commands/Server/rewrite.php(47): require_once('...')
#13 {main}

Next CodeIgniter\Database\Exceptions\DatabaseException: Access denied for user '****'@'localhost' in /home/junior/Documentos/Dev/Sistema-Slynux/system/Database/MySQLi/Connection.php:229
Stack trace:
#0 /home/junior/Documentos/Dev/Sistema-Slynux/system/Database/BaseConnection.php(391): CodeIgniter\Database\MySQLi\Connection->connect()
#1 /home/junior/Documentos/Dev/Sistema-Slynux/system/Database/BaseConnection.php(574): CodeIgniter\Database\BaseConnection->initialize()
#2 /home/junior/Documentos/Dev/Sistema-Slynux/system/Database/BaseBuilder.php(1615): CodeIgniter\Database\BaseConnection->query()
#3 /home/junior/Documentos/Dev/Sistema-Slynux/system/Model.php(264): CodeIgniter\Database\BaseBuilder->get()
#4 /home/junior/Documentos/Dev/Sistema-Slynux/system/BaseModel.php(662): CodeIgniter\Model->doFirst()
#5 /home/junior/Documentos/Dev/Sistema-Slynux/app/Models/LoginModel.php(18): CodeIgniter\BaseModel->first()
#6 /home/junior/Documentos/Dev/Sistema-Slynux/app/Controllers/LoginController.php(24): App\Models\LoginModel->login()
#7 /home/junior/Documentos/Dev/Sistema-Slynux/system/CodeIgniter.php(919): App\Controllers\LoginController->store()
#8 /home/junior/Documentos/Dev/Sistema-Slynux/system/CodeIgniter.php(494): CodeIgniter\CodeIgniter->runController()
#9 /home/junior/Documentos/Dev/Sistema-Slynux/system/CodeIgniter.php(353): CodeIgniter\CodeIgniter->handleRequest()
#10 /home/junior/Documentos/Dev/Sistema-Slynux/public/index.php(79): CodeIgniter\CodeIgniter->run()
#11 /home/junior/Documentos/Dev/Sistema-Slynux/system/Commands/Server/rewrite.php(47): require_once('...')
#12 {main}
CRITICAL - 2023-10-08 23:13:34 --> Unable to connect to the database.
Main connection [MySQLi]: Access denied for user '****'@'localhost'
in SYSTEMPATH/Database/BaseConnection.php on line 427.
 1 SYSTEMPATH/Database/BaseConnection.php(574): CodeIgniter\Database\BaseConnection->initialize()
 2 SYSTEMPATH/Database/BaseBuilder.php(1615): CodeIgniter\Database\BaseConnection->query()
 3 SYSTEMPATH/Model.php(264): CodeIgniter\Database\BaseBuilder->get()
 4 SYSTEMPATH/BaseModel.php(662): CodeIgniter\Model->doFirst()
 5 APPPATH/Models/LoginModel.php(18): CodeIgniter\BaseModel->first()
 6 APPPATH/Controllers/LoginController.php(24): App\Models\LoginModel->login()
 7 SYSTEMPATH/CodeIgniter.php(919): App\Controllers\LoginController->store()
 8 SYSTEMPATH/CodeIgniter.php(494): CodeIgniter\CodeIgniter->runController()
 9 SYSTEMPATH/CodeIgniter.php(353): CodeIgniter\CodeIgniter->handleRequest()
10 FCPATH/index.php(79): CodeIgniter\CodeIgniter->run()
11 SYSTEMPATH/Commands/Server/rewrite.php(47): require_once('/home/junior/Documentos/Dev/Sistema-Slynux/public/index.php')
ERROR - 2023-10-08 23:21:35 --> Error connecting to the database: mysqli_sql_exception: Access denied for user 'root'@'localhost' in /home/junior/Documentos/Dev/Sistema-Slynux/system/Database/MySQLi/Connection.php:185
Stack trace:
#0 /home/junior/Documentos/Dev/Sistema-Slynux/system/Database/MySQLi/Connection.php(185): mysqli->real_connect()
#1 /home/junior/Documentos/Dev/Sistema-Slynux/system/Database/BaseConnection.php(391): CodeIgniter\Database\MySQLi\Connection->connect()
#2 /home/junior/Documentos/Dev/Sistema-Slynux/system/Database/BaseConnection.php(574): CodeIgniter\Database\BaseConnection->initialize()
#3 /home/junior/Documentos/Dev/Sistema-Slynux/app/Controllers/LoginController.php(19): CodeIgniter\Database\BaseConnection->query()
#4 /home/junior/Documentos/Dev/Sistema-Slynux/system/CodeIgniter.php(919): App\Controllers\LoginController->store()
#5 /home/junior/Documentos/Dev/Sistema-Slynux/system/CodeIgniter.php(494): CodeIgniter\CodeIgniter->runController()
#6 /home/junior/Documentos/Dev/Sistema-Slynux/system/CodeIgniter.php(353): CodeIgniter\CodeIgniter->handleRequest()
#7 /home/junior/Documentos/Dev/Sistema-Slynux/public/index.php(79): CodeIgniter\CodeIgniter->run()
#8 /home/junior/Documentos/Dev/Sistema-Slynux/system/Commands/Server/rewrite.php(47): require_once('...')
#9 {main}

Next CodeIgniter\Database\Exceptions\DatabaseException: Access denied for user '****'@'localhost' in /home/junior/Documentos/Dev/Sistema-Slynux/system/Database/MySQLi/Connection.php:229
Stack trace:
#0 /home/junior/Documentos/Dev/Sistema-Slynux/system/Database/BaseConnection.php(391): CodeIgniter\Database\MySQLi\Connection->connect()
#1 /home/junior/Documentos/Dev/Sistema-Slynux/system/Database/BaseConnection.php(574): CodeIgniter\Database\BaseConnection->initialize()
#2 /home/junior/Documentos/Dev/Sistema-Slynux/app/Controllers/LoginController.php(19): CodeIgniter\Database\BaseConnection->query()
#3 /home/junior/Documentos/Dev/Sistema-Slynux/system/CodeIgniter.php(919): App\Controllers\LoginController->store()
#4 /home/junior/Documentos/Dev/Sistema-Slynux/system/CodeIgniter.php(494): CodeIgniter\CodeIgniter->runController()
#5 /home/junior/Documentos/Dev/Sistema-Slynux/system/CodeIgniter.php(353): CodeIgniter\CodeIgniter->handleRequest()
#6 /home/junior/Documentos/Dev/Sistema-Slynux/public/index.php(79): CodeIgniter\CodeIgniter->run()
#7 /home/junior/Documentos/Dev/Sistema-Slynux/system/Commands/Server/rewrite.php(47): require_once('...')
#8 {main}
CRITICAL - 2023-10-08 23:21:35 --> Unable to connect to the database.
Main connection [MySQLi]: Access denied for user '****'@'localhost'
in SYSTEMPATH/Database/BaseConnection.php on line 427.
 1 SYSTEMPATH/Database/BaseConnection.php(574): CodeIgniter\Database\BaseConnection->initialize()
 2 APPPATH/Controllers/LoginController.php(19): CodeIgniter\Database\BaseConnection->query()
 3 SYSTEMPATH/CodeIgniter.php(919): App\Controllers\LoginController->store()
 4 SYSTEMPATH/CodeIgniter.php(494): CodeIgniter\CodeIgniter->runController()
 5 SYSTEMPATH/CodeIgniter.php(353): CodeIgniter\CodeIgniter->handleRequest()
 6 FCPATH/index.php(79): CodeIgniter\CodeIgniter->run()
 7 SYSTEMPATH/Commands/Server/rewrite.php(47): require_once('/home/junior/Documentos/Dev/Sistema-Slynux/public/index.php')
ERROR - 2023-10-08 23:21:51 --> Error connecting to the database: mysqli_sql_exception: Access denied for user 'root'@'localhost' in /home/junior/Documentos/Dev/Sistema-Slynux/system/Database/MySQLi/Connection.php:185
Stack trace:
#0 /home/junior/Documentos/Dev/Sistema-Slynux/system/Database/MySQLi/Connection.php(185): mysqli->real_connect()
#1 /home/junior/Documentos/Dev/Sistema-Slynux/system/Database/BaseConnection.php(391): CodeIgniter\Database\MySQLi\Connection->connect()
#2 /home/junior/Documentos/Dev/Sistema-Slynux/system/Database/BaseConnection.php(574): CodeIgniter\Database\BaseConnection->initialize()
#3 /home/junior/Documentos/Dev/Sistema-Slynux/app/Controllers/LoginController.php(19): CodeIgniter\Database\BaseConnection->query()
#4 /home/junior/Documentos/Dev/Sistema-Slynux/system/CodeIgniter.php(919): App\Controllers\LoginController->store()
#5 /home/junior/Documentos/Dev/Sistema-Slynux/system/CodeIgniter.php(494): CodeIgniter\CodeIgniter->runController()
#6 /home/junior/Documentos/Dev/Sistema-Slynux/system/CodeIgniter.php(353): CodeIgniter\CodeIgniter->handleRequest()
#7 /home/junior/Documentos/Dev/Sistema-Slynux/public/index.php(79): CodeIgniter\CodeIgniter->run()
#8 /home/junior/Documentos/Dev/Sistema-Slynux/system/Commands/Server/rewrite.php(47): require_once('...')
#9 {main}

Next CodeIgniter\Database\Exceptions\DatabaseException: Access denied for user '****'@'localhost' in /home/junior/Documentos/Dev/Sistema-Slynux/system/Database/MySQLi/Connection.php:229
Stack trace:
#0 /home/junior/Documentos/Dev/Sistema-Slynux/system/Database/BaseConnection.php(391): CodeIgniter\Database\MySQLi\Connection->connect()
#1 /home/junior/Documentos/Dev/Sistema-Slynux/system/Database/BaseConnection.php(574): CodeIgniter\Database\BaseConnection->initialize()
#2 /home/junior/Documentos/Dev/Sistema-Slynux/app/Controllers/LoginController.php(19): CodeIgniter\Database\BaseConnection->query()
#3 /home/junior/Documentos/Dev/Sistema-Slynux/system/CodeIgniter.php(919): App\Controllers\LoginController->store()
#4 /home/junior/Documentos/Dev/Sistema-Slynux/system/CodeIgniter.php(494): CodeIgniter\CodeIgniter->runController()
#5 /home/junior/Documentos/Dev/Sistema-Slynux/system/CodeIgniter.php(353): CodeIgniter\CodeIgniter->handleRequest()
#6 /home/junior/Documentos/Dev/Sistema-Slynux/public/index.php(79): CodeIgniter\CodeIgniter->run()
#7 /home/junior/Documentos/Dev/Sistema-Slynux/system/Commands/Server/rewrite.php(47): require_once('...')
#8 {main}
CRITICAL - 2023-10-08 23:21:51 --> Unable to connect to the database.
Main connection [MySQLi]: Access denied for user '****'@'localhost'
in SYSTEMPATH/Database/BaseConnection.php on line 427.
 1 SYSTEMPATH/Database/BaseConnection.php(574): CodeIgniter\Database\BaseConnection->initialize()
 2 APPPATH/Controllers/LoginController.php(19): CodeIgniter\Database\BaseConnection->query()
 3 SYSTEMPATH/CodeIgniter.php(919): App\Controllers\LoginController->store()
 4 SYSTEMPATH/CodeIgniter.php(494): CodeIgniter\CodeIgniter->runController()
 5 SYSTEMPATH/CodeIgniter.php(353): CodeIgniter\CodeIgniter->handleRequest()
 6 FCPATH/index.php(79): CodeIgniter\CodeIgniter->run()
 7 SYSTEMPATH/Commands/Server/rewrite.php(47): require_once('/home/junior/Documentos/Dev/Sistema-Slynux/public/index.php')
ERROR - 2023-10-08 23:22:42 --> Error connecting to the database: mysqli_sql_exception: Access denied for user 'root'@'localhost' in /home/junior/Documentos/Dev/Sistema-Slynux/system/Database/MySQLi/Connection.php:185
Stack trace:
#0 /home/junior/Documentos/Dev/Sistema-Slynux/system/Database/MySQLi/Connection.php(185): mysqli->real_connect()
#1 /home/junior/Documentos/Dev/Sistema-Slynux/system/Database/BaseConnection.php(391): CodeIgniter\Database\MySQLi\Connection->connect()
#2 /home/junior/Documentos/Dev/Sistema-Slynux/app/Controllers/LoginController.php(22): CodeIgniter\Database\BaseConnection->initialize()
#3 /home/junior/Documentos/Dev/Sistema-Slynux/system/CodeIgniter.php(919): App\Controllers\LoginController->store()
#4 /home/junior/Documentos/Dev/Sistema-Slynux/system/CodeIgniter.php(494): CodeIgniter\CodeIgniter->runController()
#5 /home/junior/Documentos/Dev/Sistema-Slynux/system/CodeIgniter.php(353): CodeIgniter\CodeIgniter->handleRequest()
#6 /home/junior/Documentos/Dev/Sistema-Slynux/public/index.php(79): CodeIgniter\CodeIgniter->run()
#7 /home/junior/Documentos/Dev/Sistema-Slynux/system/Commands/Server/rewrite.php(47): require_once('...')
#8 {main}

Next CodeIgniter\Database\Exceptions\DatabaseException: Access denied for user '****'@'localhost' in /home/junior/Documentos/Dev/Sistema-Slynux/system/Database/MySQLi/Connection.php:229
Stack trace:
#0 /home/junior/Documentos/Dev/Sistema-Slynux/system/Database/BaseConnection.php(391): CodeIgniter\Database\MySQLi\Connection->connect()
#1 /home/junior/Documentos/Dev/Sistema-Slynux/app/Controllers/LoginController.php(22): CodeIgniter\Database\BaseConnection->initialize()
#2 /home/junior/Documentos/Dev/Sistema-Slynux/system/CodeIgniter.php(919): App\Controllers\LoginController->store()
#3 /home/junior/Documentos/Dev/Sistema-Slynux/system/CodeIgniter.php(494): CodeIgniter\CodeIgniter->runController()
#4 /home/junior/Documentos/Dev/Sistema-Slynux/system/CodeIgniter.php(353): CodeIgniter\CodeIgniter->handleRequest()
#5 /home/junior/Documentos/Dev/Sistema-Slynux/public/index.php(79): CodeIgniter\CodeIgniter->run()
#6 /home/junior/Documentos/Dev/Sistema-Slynux/system/Commands/Server/rewrite.php(47): require_once('...')
#7 {main}
CRITICAL - 2023-10-08 23:22:42 --> Unable to connect to the database.
Main connection [MySQLi]: Access denied for user '****'@'localhost'
in SYSTEMPATH/Database/BaseConnection.php on line 427.
 1 APPPATH/Controllers/LoginController.php(22): CodeIgniter\Database\BaseConnection->initialize()
 2 SYSTEMPATH/CodeIgniter.php(919): App\Controllers\LoginController->store()
 3 SYSTEMPATH/CodeIgniter.php(494): CodeIgniter\CodeIgniter->runController()
 4 SYSTEMPATH/CodeIgniter.php(353): CodeIgniter\CodeIgniter->handleRequest()
 5 FCPATH/index.php(79): CodeIgniter\CodeIgniter->run()
 6 SYSTEMPATH/Commands/Server/rewrite.php(47): require_once('/home/junior/Documentos/Dev/Sistema-Slynux/public/index.php')
ERROR - 2023-10-08 23:22:46 --> Error connecting to the database: mysqli_sql_exception: Access denied for user 'root'@'localhost' in /home/junior/Documentos/Dev/Sistema-Slynux/system/Database/MySQLi/Connection.php:185
Stack trace:
#0 /home/junior/Documentos/Dev/Sistema-Slynux/system/Database/MySQLi/Connection.php(185): mysqli->real_connect()
#1 /home/junior/Documentos/Dev/Sistema-Slynux/system/Database/BaseConnection.php(391): CodeIgniter\Database\MySQLi\Connection->connect()
#2 /home/junior/Documentos/Dev/Sistema-Slynux/app/Controllers/LoginController.php(22): CodeIgniter\Database\BaseConnection->initialize()
#3 /home/junior/Documentos/Dev/Sistema-Slynux/system/CodeIgniter.php(919): App\Controllers\LoginController->store()
#4 /home/junior/Documentos/Dev/Sistema-Slynux/system/CodeIgniter.php(494): CodeIgniter\CodeIgniter->runController()
#5 /home/junior/Documentos/Dev/Sistema-Slynux/system/CodeIgniter.php(353): CodeIgniter\CodeIgniter->handleRequest()
#6 /home/junior/Documentos/Dev/Sistema-Slynux/public/index.php(79): CodeIgniter\CodeIgniter->run()
#7 /home/junior/Documentos/Dev/Sistema-Slynux/system/Commands/Server/rewrite.php(47): require_once('...')
#8 {main}

Next CodeIgniter\Database\Exceptions\DatabaseException: Access denied for user '****'@'localhost' in /home/junior/Documentos/Dev/Sistema-Slynux/system/Database/MySQLi/Connection.php:229
Stack trace:
#0 /home/junior/Documentos/Dev/Sistema-Slynux/system/Database/BaseConnection.php(391): CodeIgniter\Database\MySQLi\Connection->connect()
#1 /home/junior/Documentos/Dev/Sistema-Slynux/app/Controllers/LoginController.php(22): CodeIgniter\Database\BaseConnection->initialize()
#2 /home/junior/Documentos/Dev/Sistema-Slynux/system/CodeIgniter.php(919): App\Controllers\LoginController->store()
#3 /home/junior/Documentos/Dev/Sistema-Slynux/system/CodeIgniter.php(494): CodeIgniter\CodeIgniter->runController()
#4 /home/junior/Documentos/Dev/Sistema-Slynux/system/CodeIgniter.php(353): CodeIgniter\CodeIgniter->handleRequest()
#5 /home/junior/Documentos/Dev/Sistema-Slynux/public/index.php(79): CodeIgniter\CodeIgniter->run()
#6 /home/junior/Documentos/Dev/Sistema-Slynux/system/Commands/Server/rewrite.php(47): require_once('...')
#7 {main}
CRITICAL - 2023-10-08 23:22:46 --> Unable to connect to the database.
Main connection [MySQLi]: Access denied for user '****'@'localhost'
in SYSTEMPATH/Database/BaseConnection.php on line 427.
 1 APPPATH/Controllers/LoginController.php(22): CodeIgniter\Database\BaseConnection->initialize()
 2 SYSTEMPATH/CodeIgniter.php(919): App\Controllers\LoginController->store()
 3 SYSTEMPATH/CodeIgniter.php(494): CodeIgniter\CodeIgniter->runController()
 4 SYSTEMPATH/CodeIgniter.php(353): CodeIgniter\CodeIgniter->handleRequest()
 5 FCPATH/index.php(79): CodeIgniter\CodeIgniter->run()
 6 SYSTEMPATH/Commands/Server/rewrite.php(47): require_once('/home/junior/Documentos/Dev/Sistema-Slynux/public/index.php')
CRITICAL - 2023-10-08 23:39:26 --> Object of class App\Controllers\LoginController could not be converted to string
in APPPATH/Controllers/LoginController.php on line 20.
 1 SYSTEMPATH/CodeIgniter.php(919): App\Controllers\LoginController->index()
 2 SYSTEMPATH/CodeIgniter.php(494): CodeIgniter\CodeIgniter->runController()
 3 SYSTEMPATH/CodeIgniter.php(353): CodeIgniter\CodeIgniter->handleRequest()
 4 FCPATH/index.php(79): CodeIgniter\CodeIgniter->run()
 5 SYSTEMPATH/Commands/Server/rewrite.php(47): require_once('/home/junior/Documentos/Dev/Sistema-Slynux/public/index.php')
ERROR - 2023-10-08 23:40:07 --> Error connecting to the database: mysqli_sql_exception: Access denied for user 'root'@'localhost' in /home/junior/Documentos/Dev/Sistema-Slynux/system/Database/MySQLi/Connection.php:185
Stack trace:
#0 /home/junior/Documentos/Dev/Sistema-Slynux/system/Database/MySQLi/Connection.php(185): mysqli->real_connect()
#1 /home/junior/Documentos/Dev/Sistema-Slynux/system/Database/BaseConnection.php(391): CodeIgniter\Database\MySQLi\Connection->connect()
#2 /home/junior/Documentos/Dev/Sistema-Slynux/system/Database/BaseConnection.php(574): CodeIgniter\Database\BaseConnection->initialize()
#3 /home/junior/Documentos/Dev/Sistema-Slynux/system/Database/BaseBuilder.php(1615): CodeIgniter\Database\BaseConnection->query()
#4 /home/junior/Documentos/Dev/Sistema-Slynux/system/Model.php(237): CodeIgniter\Database\BaseBuilder->get()
#5 /home/junior/Documentos/Dev/Sistema-Slynux/system/BaseModel.php(624): CodeIgniter\Model->doFindAll()
#6 /home/junior/Documentos/Dev/Sistema-Slynux/app/Controllers/LoginController.php(20): CodeIgniter\BaseModel->findAll()
#7 /home/junior/Documentos/Dev/Sistema-Slynux/system/CodeIgniter.php(919): App\Controllers\LoginController->index()
#8 /home/junior/Documentos/Dev/Sistema-Slynux/system/CodeIgniter.php(494): CodeIgniter\CodeIgniter->runController()
#9 /home/junior/Documentos/Dev/Sistema-Slynux/system/CodeIgniter.php(353): CodeIgniter\CodeIgniter->handleRequest()
#10 /home/junior/Documentos/Dev/Sistema-Slynux/public/index.php(79): CodeIgniter\CodeIgniter->run()
#11 /home/junior/Documentos/Dev/Sistema-Slynux/system/Commands/Server/rewrite.php(47): require_once('...')
#12 {main}

Next CodeIgniter\Database\Exceptions\DatabaseException: Access denied for user '****'@'localhost' in /home/junior/Documentos/Dev/Sistema-Slynux/system/Database/MySQLi/Connection.php:229
Stack trace:
#0 /home/junior/Documentos/Dev/Sistema-Slynux/system/Database/BaseConnection.php(391): CodeIgniter\Database\MySQLi\Connection->connect()
#1 /home/junior/Documentos/Dev/Sistema-Slynux/system/Database/BaseConnection.php(574): CodeIgniter\Database\BaseConnection->initialize()
#2 /home/junior/Documentos/Dev/Sistema-Slynux/system/Database/BaseBuilder.php(1615): CodeIgniter\Database\BaseConnection->query()
#3 /home/junior/Documentos/Dev/Sistema-Slynux/system/Model.php(237): CodeIgniter\Database\BaseBuilder->get()
#4 /home/junior/Documentos/Dev/Sistema-Slynux/system/BaseModel.php(624): CodeIgniter\Model->doFindAll()
#5 /home/junior/Documentos/Dev/Sistema-Slynux/app/Controllers/LoginController.php(20): CodeIgniter\BaseModel->findAll()
#6 /home/junior/Documentos/Dev/Sistema-Slynux/system/CodeIgniter.php(919): App\Controllers\LoginController->index()
#7 /home/junior/Documentos/Dev/Sistema-Slynux/system/CodeIgniter.php(494): CodeIgniter\CodeIgniter->runController()
#8 /home/junior/Documentos/Dev/Sistema-Slynux/system/CodeIgniter.php(353): CodeIgniter\CodeIgniter->handleRequest()
#9 /home/junior/Documentos/Dev/Sistema-Slynux/public/index.php(79): CodeIgniter\CodeIgniter->run()
#10 /home/junior/Documentos/Dev/Sistema-Slynux/system/Commands/Server/rewrite.php(47): require_once('...')
#11 {main}
CRITICAL - 2023-10-08 23:40:07 --> Unable to connect to the database.
Main connection [MySQLi]: Access denied for user '****'@'localhost'
in SYSTEMPATH/Database/BaseConnection.php on line 427.
 1 SYSTEMPATH/Database/BaseConnection.php(574): CodeIgniter\Database\BaseConnection->initialize()
 2 SYSTEMPATH/Database/BaseBuilder.php(1615): CodeIgniter\Database\BaseConnection->query()
 3 SYSTEMPATH/Model.php(237): CodeIgniter\Database\BaseBuilder->get()
 4 SYSTEMPATH/BaseModel.php(624): CodeIgniter\Model->doFindAll()
 5 APPPATH/Controllers/LoginController.php(20): CodeIgniter\BaseModel->findAll()
 6 SYSTEMPATH/CodeIgniter.php(919): App\Controllers\LoginController->index()
 7 SYSTEMPATH/CodeIgniter.php(494): CodeIgniter\CodeIgniter->runController()
 8 SYSTEMPATH/CodeIgniter.php(353): CodeIgniter\CodeIgniter->handleRequest()
 9 FCPATH/index.php(79): CodeIgniter\CodeIgniter->run()
10 SYSTEMPATH/Commands/Server/rewrite.php(47): require_once('/home/junior/Documentos/Dev/Sistema-Slynux/public/index.php')
ERROR - 2023-10-08 23:40:22 --> Error connecting to the database: mysqli_sql_exception: Access denied for user 'root'@'localhost' in /home/junior/Documentos/Dev/Sistema-Slynux/system/Database/MySQLi/Connection.php:185
Stack trace:
#0 /home/junior/Documentos/Dev/Sistema-Slynux/system/Database/MySQLi/Connection.php(185): mysqli->real_connect()
#1 /home/junior/Documentos/Dev/Sistema-Slynux/system/Database/BaseConnection.php(391): CodeIgniter\Database\MySQLi\Connection->connect()
#2 /home/junior/Documentos/Dev/Sistema-Slynux/system/Database/BaseConnection.php(574): CodeIgniter\Database\BaseConnection->initialize()
#3 /home/junior/Documentos/Dev/Sistema-Slynux/system/Database/BaseBuilder.php(1615): CodeIgniter\Database\BaseConnection->query()
#4 /home/junior/Documentos/Dev/Sistema-Slynux/system/Model.php(237): CodeIgniter\Database\BaseBuilder->get()
#5 /home/junior/Documentos/Dev/Sistema-Slynux/system/BaseModel.php(624): CodeIgniter\Model->doFindAll()
#6 /home/junior/Documentos/Dev/Sistema-Slynux/app/Controllers/LoginController.php(20): CodeIgniter\BaseModel->findAll()
#7 /home/junior/Documentos/Dev/Sistema-Slynux/system/CodeIgniter.php(919): App\Controllers\LoginController->index()
#8 /home/junior/Documentos/Dev/Sistema-Slynux/system/CodeIgniter.php(494): CodeIgniter\CodeIgniter->runController()
#9 /home/junior/Documentos/Dev/Sistema-Slynux/system/CodeIgniter.php(353): CodeIgniter\CodeIgniter->handleRequest()
#10 /home/junior/Documentos/Dev/Sistema-Slynux/public/index.php(79): CodeIgniter\CodeIgniter->run()
#11 /home/junior/Documentos/Dev/Sistema-Slynux/system/Commands/Server/rewrite.php(47): require_once('...')
#12 {main}

Next CodeIgniter\Database\Exceptions\DatabaseException: Access denied for user '****'@'localhost' in /home/junior/Documentos/Dev/Sistema-Slynux/system/Database/MySQLi/Connection.php:229
Stack trace:
#0 /home/junior/Documentos/Dev/Sistema-Slynux/system/Database/BaseConnection.php(391): CodeIgniter\Database\MySQLi\Connection->connect()
#1 /home/junior/Documentos/Dev/Sistema-Slynux/system/Database/BaseConnection.php(574): CodeIgniter\Database\BaseConnection->initialize()
#2 /home/junior/Documentos/Dev/Sistema-Slynux/system/Database/BaseBuilder.php(1615): CodeIgniter\Database\BaseConnection->query()
#3 /home/junior/Documentos/Dev/Sistema-Slynux/system/Model.php(237): CodeIgniter\Database\BaseBuilder->get()
#4 /home/junior/Documentos/Dev/Sistema-Slynux/system/BaseModel.php(624): CodeIgniter\Model->doFindAll()
#5 /home/junior/Documentos/Dev/Sistema-Slynux/app/Controllers/LoginController.php(20): CodeIgniter\BaseModel->findAll()
#6 /home/junior/Documentos/Dev/Sistema-Slynux/system/CodeIgniter.php(919): App\Controllers\LoginController->index()
#7 /home/junior/Documentos/Dev/Sistema-Slynux/system/CodeIgniter.php(494): CodeIgniter\CodeIgniter->runController()
#8 /home/junior/Documentos/Dev/Sistema-Slynux/system/CodeIgniter.php(353): CodeIgniter\CodeIgniter->handleRequest()
#9 /home/junior/Documentos/Dev/Sistema-Slynux/public/index.php(79): CodeIgniter\CodeIgniter->run()
#10 /home/junior/Documentos/Dev/Sistema-Slynux/system/Commands/Server/rewrite.php(47): require_once('...')
#11 {main}
CRITICAL - 2023-10-08 23:40:22 --> Unable to connect to the database.
Main connection [MySQLi]: Access denied for user '****'@'localhost'
in SYSTEMPATH/Database/BaseConnection.php on line 427.
 1 SYSTEMPATH/Database/BaseConnection.php(574): CodeIgniter\Database\BaseConnection->initialize()
 2 SYSTEMPATH/Database/BaseBuilder.php(1615): CodeIgniter\Database\BaseConnection->query()
 3 SYSTEMPATH/Model.php(237): CodeIgniter\Database\BaseBuilder->get()
 4 SYSTEMPATH/BaseModel.php(624): CodeIgniter\Model->doFindAll()
 5 APPPATH/Controllers/LoginController.php(20): CodeIgniter\BaseModel->findAll()
 6 SYSTEMPATH/CodeIgniter.php(919): App\Controllers\LoginController->index()
 7 SYSTEMPATH/CodeIgniter.php(494): CodeIgniter\CodeIgniter->runController()
 8 SYSTEMPATH/CodeIgniter.php(353): CodeIgniter\CodeIgniter->handleRequest()
 9 FCPATH/index.php(79): CodeIgniter\CodeIgniter->run()
10 SYSTEMPATH/Commands/Server/rewrite.php(47): require_once('/home/junior/Documentos/Dev/Sistema-Slynux/public/index.php')
ERROR - 2023-10-08 23:40:25 --> Error connecting to the database: mysqli_sql_exception: Access denied for user 'root'@'localhost' in /home/junior/Documentos/Dev/Sistema-Slynux/system/Database/MySQLi/Connection.php:185
Stack trace:
#0 /home/junior/Documentos/Dev/Sistema-Slynux/system/Database/MySQLi/Connection.php(185): mysqli->real_connect()
#1 /home/junior/Documentos/Dev/Sistema-Slynux/system/Database/BaseConnection.php(391): CodeIgniter\Database\MySQLi\Connection->connect()
#2 /home/junior/Documentos/Dev/Sistema-Slynux/system/Database/BaseConnection.php(574): CodeIgniter\Database\BaseConnection->initialize()
#3 /home/junior/Documentos/Dev/Sistema-Slynux/system/Database/BaseBuilder.php(1615): CodeIgniter\Database\BaseConnection->query()
#4 /home/junior/Documentos/Dev/Sistema-Slynux/system/Model.php(237): CodeIgniter\Database\BaseBuilder->get()
#5 /home/junior/Documentos/Dev/Sistema-Slynux/system/BaseModel.php(624): CodeIgniter\Model->doFindAll()
#6 /home/junior/Documentos/Dev/Sistema-Slynux/app/Controllers/LoginController.php(20): CodeIgniter\BaseModel->findAll()
#7 /home/junior/Documentos/Dev/Sistema-Slynux/system/CodeIgniter.php(919): App\Controllers\LoginController->index()
#8 /home/junior/Documentos/Dev/Sistema-Slynux/system/CodeIgniter.php(494): CodeIgniter\CodeIgniter->runController()
#9 /home/junior/Documentos/Dev/Sistema-Slynux/system/CodeIgniter.php(353): CodeIgniter\CodeIgniter->handleRequest()
#10 /home/junior/Documentos/Dev/Sistema-Slynux/public/index.php(79): CodeIgniter\CodeIgniter->run()
#11 /home/junior/Documentos/Dev/Sistema-Slynux/system/Commands/Server/rewrite.php(47): require_once('...')
#12 {main}

Next CodeIgniter\Database\Exceptions\DatabaseException: Access denied for user '****'@'localhost' in /home/junior/Documentos/Dev/Sistema-Slynux/system/Database/MySQLi/Connection.php:229
Stack trace:
#0 /home/junior/Documentos/Dev/Sistema-Slynux/system/Database/BaseConnection.php(391): CodeIgniter\Database\MySQLi\Connection->connect()
#1 /home/junior/Documentos/Dev/Sistema-Slynux/system/Database/BaseConnection.php(574): CodeIgniter\Database\BaseConnection->initialize()
#2 /home/junior/Documentos/Dev/Sistema-Slynux/system/Database/BaseBuilder.php(1615): CodeIgniter\Database\BaseConnection->query()
#3 /home/junior/Documentos/Dev/Sistema-Slynux/system/Model.php(237): CodeIgniter\Database\BaseBuilder->get()
#4 /home/junior/Documentos/Dev/Sistema-Slynux/system/BaseModel.php(624): CodeIgniter\Model->doFindAll()
#5 /home/junior/Documentos/Dev/Sistema-Slynux/app/Controllers/LoginController.php(20): CodeIgniter\BaseModel->findAll()
#6 /home/junior/Documentos/Dev/Sistema-Slynux/system/CodeIgniter.php(919): App\Controllers\LoginController->index()
#7 /home/junior/Documentos/Dev/Sistema-Slynux/system/CodeIgniter.php(494): CodeIgniter\CodeIgniter->runController()
#8 /home/junior/Documentos/Dev/Sistema-Slynux/system/CodeIgniter.php(353): CodeIgniter\CodeIgniter->handleRequest()
#9 /home/junior/Documentos/Dev/Sistema-Slynux/public/index.php(79): CodeIgniter\CodeIgniter->run()
#10 /home/junior/Documentos/Dev/Sistema-Slynux/system/Commands/Server/rewrite.php(47): require_once('...')
#11 {main}
CRITICAL - 2023-10-08 23:40:25 --> Unable to connect to the database.
Main connection [MySQLi]: Access denied for user '****'@'localhost'
in SYSTEMPATH/Database/BaseConnection.php on line 427.
 1 SYSTEMPATH/Database/BaseConnection.php(574): CodeIgniter\Database\BaseConnection->initialize()
 2 SYSTEMPATH/Database/BaseBuilder.php(1615): CodeIgniter\Database\BaseConnection->query()
 3 SYSTEMPATH/Model.php(237): CodeIgniter\Database\BaseBuilder->get()
 4 SYSTEMPATH/BaseModel.php(624): CodeIgniter\Model->doFindAll()
 5 APPPATH/Controllers/LoginController.php(20): CodeIgniter\BaseModel->findAll()
 6 SYSTEMPATH/CodeIgniter.php(919): App\Controllers\LoginController->index()
 7 SYSTEMPATH/CodeIgniter.php(494): CodeIgniter\CodeIgniter->runController()
 8 SYSTEMPATH/CodeIgniter.php(353): CodeIgniter\CodeIgniter->handleRequest()
 9 FCPATH/index.php(79): CodeIgniter\CodeIgniter->run()
10 SYSTEMPATH/Commands/Server/rewrite.php(47): require_once('/home/junior/Documentos/Dev/Sistema-Slynux/public/index.php')
